-----TI-REX started at Sat Oct 14 2017 18:24:37 GMT-0300 (Hora oficial do Brasil)
Sat, 14 Oct 2017 21:24:38 GMT connect deprecated methodOverride: use method-override npm module instead at app.js:488:21
y": "IPv4",
        "mac": "0a:00:27:00:00:0f",
        "internal": false
    }
]
2017-10-14T21:24:37.305Z INFO DAEMON dinfra - [
    "multiple candidate address ignored",
    "Conexão de Rede sem Fio",
    {
        "address": "192.168.56.1",
        "netmask": "255.255.255.0",
        "family": "IPv4",
        "mac": "0a:00:27:00:00:0f",
        "internal": false
    }
]
-----TI-REX started at Sat Oct 14 2017 18:24:37 GMT-0300 (Hora oficial do Brasil)
TIREX server listening on port 51467
