
**** Clean-only build of configuration Debug for project TM4C_Protegemed ****

"C:\\ti\\ccsv7\\utils\\bin\\gmake" -k -j 4 clean -O 
cleaning ../src/sysbios ...
DEL /F  "../src/makefile.libs" "TM4C_Protegemed.hex"  "configPkg\linker.cmd" "configPkg\compiler.opt"  "TM4C_Protegemed.out" 
RMDIR /S/Q  "configPkg\" 
DEL /F "ptgm_main.obj" "project_includes\EK_TM4C1294XL.obj" "project_includes\adc_sample.obj" "project_includes\capture.obj" "project_includes\eth_network.obj" "project_includes\settings.obj" 
DEL /F "ptgm_main.d" "project_includes\EK_TM4C1294XL.d" "project_includes\adc_sample.d" "project_includes\capture.d" "project_includes\eth_network.d" "project_includes\settings.d" 
NÆo foi poss¡vel encontrar C:\Users\skelter_win\Protegemed_tcc\TM4C_Protegemed\src\../src/makefile.libs
NÆo foi poss¡vel encontrar C:\Users\skelter_win\Protegemed_tcc\TM4C_Protegemed\Debug\TM4C_Protegemed.hex
'Finished clean'
' '

**** Build Finished ****

**** Build of configuration Debug for project TM4C_Protegemed ****

"C:\\ti\\ccsv7\\utils\\bin\\gmake" -k -j 4 all -O 
gmake[1]: Entering directory 'C:/Users/skelter_win/Protegemed_tcc/TM4C_Protegemed/Debug'
'Building file: ../RTOS_config.cfg'
'Invoking: XDCtools'
"C:/ti/xdctools_3_32_00_06_core/xs" --xdcpath="C:/ti/tirtos_tivac_2_16_00_08/packages;C:/ti/tirtos_tivac_2_16_00_08/products/tidrivers_tivac_2_16_00_08/packages;C:/ti/tirtos_tivac_2_16_00_08/products/bios_6_45_01_29/packages;C:/ti/tirtos_tivac_2_16_00_08/products/ndk_2_25_00_09/packages;C:/ti/tirtos_tivac_2_16_00_08/products/uia_2_00_05_50/packages;C:/ti/tirtos_tivac_2_16_00_08/products/ns_1_11_00_10/packages;C:/ti/ccsv7/ccs_base;" xdc.tools.configuro -o configPkg -t ti.targets.arm.elf.M4F -p ti.platforms.tiva:TM4C1294NCPDT -r release -c "C:/ti/ccsv7/tools/compiler/ti-cgt-arm_16.9.4.LTS" --compileOptions "-mv7M4 --code_state=16 --float_support=FPv4SPD16 -me -O2 --opt_for_speed=4 --include_path=\"C:/ti/CMSIS-SP-00300-r4p5-00rel0/CMSIS/Include\" --include_path=\"C:/ti/tirtos_tivac_2_16_00_08/products/ndk_2_25_00_09/packages/ti/ndk/inc/bsd\" --include_path=\"C:/Users/skelter_win/Protegemed_tcc/TM4C_Protegemed\" --include_path=\"C:/ti/tirtos_tivac_2_16_00_08/products/TivaWare_C_Series-2.1.1.71b\" --include_path=\"C:/ti/tirtos_tivac_2_16_00_08/products/bios_6_45_01_29/packages/ti/sysbios/posix\" --include_path=\"C:/ti/ccsv7/tools/compiler/ti-cgt-arm_16.9.4.LTS/include\" --define=ccs=\"ccs\" --define=ccs --define=PART_TM4C1294NCPDT --define=TIVAWARE --define=NET_NDK --define=ARM_MATH_CM4 --define=__FPU_PRESENT=1 -g --gcc --diag_warning=225 --diag_warning=255 --diag_wrap=off --display_error_number --gen_func_subsections=on --abi=eabi  " "../RTOS_config.cfg"
making package.mak (because of package.bld) ...
generating interfaces for package configPkg (because package/package.xdc.inc is older than package.xdc) ...
configuring RTOS_config.xem4f from package/cfg/RTOS_config_pem4f.cfg ...
generating custom ti.sysbios library makefile ... 
Starting build of library sources ...
making C:/Users/skelter_win/Protegemed_tcc/TM4C_Protegemed/src/sysbios/sysbios.aem4f ...
gmake[1]: Entering directory `C:/Users/skelter_win/Protegemed_tcc/TM4C_Protegemed/src/sysbios'
clem4f C:/ti/tirtos_tivac_2_16_00_08/products/bios_6_45_01_29/packages/ti/sysbios/BIOS.c ...
asmem4f C:/ti/tirtos_tivac_2_16_00_08/products/bios_6_45_01_29/packages/ti/sysbios/family/arm/m3/Hwi_asm.sv7M ...
asmem4f C:/ti/tirtos_tivac_2_16_00_08/products/bios_6_45_01_29/packages/ti/sysbios/family/arm/m3/Hwi_asm_switch.sv7M ...
asmem4f C:/ti/tirtos_tivac_2_16_00_08/products/bios_6_45_01_29/packages/ti/sysbios/family/arm/m3/IntrinsicsSupport_asm.sv7M ...
asmem4f C:/ti/tirtos_tivac_2_16_00_08/products/bios_6_45_01_29/packages/ti/sysbios/family/arm/m3/TaskSupport_asm.sv7M ...
arem4f BIOS.obj m3_Hwi_asm.obj m3_Hwi_asm_switch.obj m3_IntrinsicsSupport_asm.obj m3_TaskSupport_asm.obj ...
gmake[1]: Leaving directory `C:/Users/skelter_win/Protegemed_tcc/TM4C_Protegemed/src/sysbios'
Build of libraries done.
clem4f package/cfg/RTOS_config_pem4f.c ...
'Finished building: ../RTOS_config.cfg'
' '
gmake[1]: Leaving directory 'C:/Users/skelter_win/Protegemed_tcc/TM4C_Protegemed/Debug'
        1 arquivo(s) copiado(s).
making ../src/sysbios/sysbios.aem4f ...
gmake[1]: Nothing to be done for 'all'.
'Building file: ../project_includes/adc_sample.c'
'Invoking: ARM Compiler'
"C:/ti/ccsv7/tools/compiler/ti-cgt-arm_16.9.4.LTS/bin/armcl" -mv7M4 --code_state=16 --float_support=FPv4SPD16 -me -O2 --opt_for_speed=4 --include_path="C:/ti/CMSIS-SP-00300-r4p5-00rel0/CMSIS/Include" --include_path="C:/ti/tirtos_tivac_2_16_00_08/products/ndk_2_25_00_09/packages/ti/ndk/inc/bsd" --include_path="C:/Users/skelter_win/Protegemed_tcc/TM4C_Protegemed" --include_path="C:/ti/tirtos_tivac_2_16_00_08/products/TivaWare_C_Series-2.1.1.71b" --include_path="C:/ti/tirtos_tivac_2_16_00_08/products/bios_6_45_01_29/packages/ti/sysbios/posix" --include_path="C:/ti/ccsv7/tools/compiler/ti-cgt-arm_16.9.4.LTS/include" --define=ccs="ccs" --define=ccs --define=PART_TM4C1294NCPDT --define=TIVAWARE --define=NET_NDK --define=ARM_MATH_CM4 --define=__FPU_PRESENT=1 -g --gcc --diag_warning=225 --diag_warning=255 --diag_wrap=off --display_error_number --gen_func_subsections=on --abi=eabi --preproc_with_compile --preproc_dependency="project_includes/adc_sample.d" --obj_directory="project_includes" --cmd_file="configPkg/compiler.opt" "../project_includes/adc_sample.c"
'Finished building: ../project_includes/adc_sample.c'
' '
'Building file: ../ptgm_main.c'
'Invoking: ARM Compiler'
"C:/ti/ccsv7/tools/compiler/ti-cgt-arm_16.9.4.LTS/bin/armcl" -mv7M4 --code_state=16 --float_support=FPv4SPD16 -me -O2 --opt_for_speed=4 --include_path="C:/ti/CMSIS-SP-00300-r4p5-00rel0/CMSIS/Include" --include_path="C:/ti/tirtos_tivac_2_16_00_08/products/ndk_2_25_00_09/packages/ti/ndk/inc/bsd" --include_path="C:/Users/skelter_win/Protegemed_tcc/TM4C_Protegemed" --include_path="C:/ti/tirtos_tivac_2_16_00_08/products/TivaWare_C_Series-2.1.1.71b" --include_path="C:/ti/tirtos_tivac_2_16_00_08/products/bios_6_45_01_29/packages/ti/sysbios/posix" --include_path="C:/ti/ccsv7/tools/compiler/ti-cgt-arm_16.9.4.LTS/include" --define=ccs="ccs" --define=ccs --define=PART_TM4C1294NCPDT --define=TIVAWARE --define=NET_NDK --define=ARM_MATH_CM4 --define=__FPU_PRESENT=1 -g --gcc --diag_warning=225 --diag_warning=255 --diag_wrap=off --display_error_number --gen_func_subsections=on --abi=eabi --preproc_with_compile --preproc_dependency="ptgm_main.d" --cmd_file="configPkg/compiler.opt" "../ptgm_main.c"
'Finished building: ../ptgm_main.c'
' '
'Building file: ../project_includes/EK_TM4C1294XL.c'
'Invoking: ARM Compiler'
"C:/ti/ccsv7/tools/compiler/ti-cgt-arm_16.9.4.LTS/bin/armcl" -mv7M4 --code_state=16 --float_support=FPv4SPD16 -me -O2 --opt_for_speed=4 --include_path="C:/ti/CMSIS-SP-00300-r4p5-00rel0/CMSIS/Include" --include_path="C:/ti/tirtos_tivac_2_16_00_08/products/ndk_2_25_00_09/packages/ti/ndk/inc/bsd" --include_path="C:/Users/skelter_win/Protegemed_tcc/TM4C_Protegemed" --include_path="C:/ti/tirtos_tivac_2_16_00_08/products/TivaWare_C_Series-2.1.1.71b" --include_path="C:/ti/tirtos_tivac_2_16_00_08/products/bios_6_45_01_29/packages/ti/sysbios/posix" --include_path="C:/ti/ccsv7/tools/compiler/ti-cgt-arm_16.9.4.LTS/include" --define=ccs="ccs" --define=ccs --define=PART_TM4C1294NCPDT --define=TIVAWARE --define=NET_NDK --define=ARM_MATH_CM4 --define=__FPU_PRESENT=1 -g --gcc --diag_warning=225 --diag_warning=255 --diag_wrap=off --display_error_number --gen_func_subsections=on --abi=eabi --preproc_with_compile --preproc_dependency="project_includes/EK_TM4C1294XL.d" --obj_directory="project_includes" --cmd_file="configPkg/compiler.opt" "../project_includes/EK_TM4C1294XL.c"
'Finished building: ../project_includes/EK_TM4C1294XL.c'
' '
'Building file: ../project_includes/settings.c'
'Invoking: ARM Compiler'
"C:/ti/ccsv7/tools/compiler/ti-cgt-arm_16.9.4.LTS/bin/armcl" -mv7M4 --code_state=16 --float_support=FPv4SPD16 -me -O2 --opt_for_speed=4 --include_path="C:/ti/CMSIS-SP-00300-r4p5-00rel0/CMSIS/Include" --include_path="C:/ti/tirtos_tivac_2_16_00_08/products/ndk_2_25_00_09/packages/ti/ndk/inc/bsd" --include_path="C:/Users/skelter_win/Protegemed_tcc/TM4C_Protegemed" --include_path="C:/ti/tirtos_tivac_2_16_00_08/products/TivaWare_C_Series-2.1.1.71b" --include_path="C:/ti/tirtos_tivac_2_16_00_08/products/bios_6_45_01_29/packages/ti/sysbios/posix" --include_path="C:/ti/ccsv7/tools/compiler/ti-cgt-arm_16.9.4.LTS/include" --define=ccs="ccs" --define=ccs --define=PART_TM4C1294NCPDT --define=TIVAWARE --define=NET_NDK --define=ARM_MATH_CM4 --define=__FPU_PRESENT=1 -g --gcc --diag_warning=225 --diag_warning=255 --diag_wrap=off --display_error_number --gen_func_subsections=on --abi=eabi --preproc_with_compile --preproc_dependency="project_includes/settings.d" --obj_directory="project_includes" --cmd_file="configPkg/compiler.opt" "../project_includes/settings.c"
'Finished building: ../project_includes/settings.c'
' '
'Building file: ../project_includes/eth_network.c'
'Invoking: ARM Compiler'
"C:/ti/ccsv7/tools/compiler/ti-cgt-arm_16.9.4.LTS/bin/armcl" -mv7M4 --code_state=16 --float_support=FPv4SPD16 -me -O2 --opt_for_speed=4 --include_path="C:/ti/CMSIS-SP-00300-r4p5-00rel0/CMSIS/Include" --include_path="C:/ti/tirtos_tivac_2_16_00_08/products/ndk_2_25_00_09/packages/ti/ndk/inc/bsd" --include_path="C:/Users/skelter_win/Protegemed_tcc/TM4C_Protegemed" --include_path="C:/ti/tirtos_tivac_2_16_00_08/products/TivaWare_C_Series-2.1.1.71b" --include_path="C:/ti/tirtos_tivac_2_16_00_08/products/bios_6_45_01_29/packages/ti/sysbios/posix" --include_path="C:/ti/ccsv7/tools/compiler/ti-cgt-arm_16.9.4.LTS/include" --define=ccs="ccs" --define=ccs --define=PART_TM4C1294NCPDT --define=TIVAWARE --define=NET_NDK --define=ARM_MATH_CM4 --define=__FPU_PRESENT=1 -g --gcc --diag_warning=225 --diag_warning=255 --diag_wrap=off --display_error_number --gen_func_subsections=on --abi=eabi --preproc_with_compile --preproc_dependency="project_includes/eth_network.d" --obj_directory="project_includes" --cmd_file="configPkg/compiler.opt" "../project_includes/eth_network.c"
'Finished building: ../project_includes/eth_network.c'
' '
'Building file: ../project_includes/capture.c'
'Invoking: ARM Compiler'
"C:/ti/ccsv7/tools/compiler/ti-cgt-arm_16.9.4.LTS/bin/armcl" -mv7M4 --code_state=16 --float_support=FPv4SPD16 -me -O2 --opt_for_speed=4 --include_path="C:/ti/CMSIS-SP-00300-r4p5-00rel0/CMSIS/Include" --include_path="C:/ti/tirtos_tivac_2_16_00_08/products/ndk_2_25_00_09/packages/ti/ndk/inc/bsd" --include_path="C:/Users/skelter_win/Protegemed_tcc/TM4C_Protegemed" --include_path="C:/ti/tirtos_tivac_2_16_00_08/products/TivaWare_C_Series-2.1.1.71b" --include_path="C:/ti/tirtos_tivac_2_16_00_08/products/bios_6_45_01_29/packages/ti/sysbios/posix" --include_path="C:/ti/ccsv7/tools/compiler/ti-cgt-arm_16.9.4.LTS/include" --define=ccs="ccs" --define=ccs --define=PART_TM4C1294NCPDT --define=TIVAWARE --define=NET_NDK --define=ARM_MATH_CM4 --define=__FPU_PRESENT=1 -g --gcc --diag_warning=225 --diag_warning=255 --diag_wrap=off --display_error_number --gen_func_subsections=on --abi=eabi --preproc_with_compile --preproc_dependency="project_includes/capture.d" --obj_directory="project_includes" --cmd_file="configPkg/compiler.opt" "../project_includes/capture.c"
'Finished building: ../project_includes/capture.c'
' '
making ../src/sysbios/sysbios.aem4f ...
gmake[2]: Nothing to be done for 'all'.
'Building target: TM4C_Protegemed.out'
'Invoking: ARM Linker'
"C:/ti/ccsv7/tools/compiler/ti-cgt-arm_16.9.4.LTS/bin/armcl" -mv7M4 --code_state=16 --float_support=FPv4SPD16 -me -O2 --opt_for_speed=4 --define=ccs="ccs" --define=ccs --define=PART_TM4C1294NCPDT --define=TIVAWARE --define=NET_NDK --define=ARM_MATH_CM4 --define=__FPU_PRESENT=1 -g --gcc --diag_warning=225 --diag_warning=255 --diag_wrap=off --display_error_number --gen_func_subsections=on --abi=eabi -z -m"TM4C_Protegemed.map" --heap_size=0 --stack_size=512 -i"C:/ti/ccsv7/tools/compiler/ti-cgt-arm_16.9.4.LTS/lib" -i"C:/ti/ccsv7/tools/compiler/ti-cgt-arm_16.9.4.LTS/include" --reread_libs --diag_wrap=off --display_error_number --warn_sections --xml_link_info="TM4C_Protegemed_linkInfo.xml" --rom_model -o "TM4C_Protegemed.out" "./ptgm_main.obj" "./project_includes/EK_TM4C1294XL.obj" "./project_includes/adc_sample.obj" "./project_includes/capture.obj" "./project_includes/eth_network.obj" "./project_includes/settings.obj" "../EK_TM4C1294XL.cmd" -l"configPkg/linker.cmd" -l"C:/ti/CMSIS-SP-00300-r4p5-00rel0/CMSIS/Lib/CCS/M4/dsplib-cm4f.lib" -l"C:/ti/tirtos_tivac_2_16_00_08/products/TivaWare_C_Series-2.1.1.71b/grlib/ccs/Debug/grlib.lib" -l"C:/ti/tirtos_tivac_2_16_00_08/products/TivaWare_C_Series-2.1.1.71b/usblib/ccs/Debug/usblib.lib" -l"C:/ti/tirtos_tivac_2_16_00_08/products/TivaWare_C_Series-2.1.1.71b/driverlib/ccs/Debug/driverlib.lib" -llibc.a -llibc.a 
<Linking>
'Finished building target: TM4C_Protegemed.out'
' '

**** Build Finished ****

**** Build of configuration Debug for project TM4C_Protegemed ****

"C:\\ti\\ccsv7\\utils\\bin\\gmake" -k -j 4 all -O 
making ../src/sysbios/sysbios.aem4f ...
gmake[1]: Nothing to be done for 'all'.
making ../src/sysbios/sysbios.aem4f ...
gmake[2]: Nothing to be done for 'all'.

**** Build Finished ****

**** Build of configuration Debug for project TM4C_Protegemed ****

"C:\\ti\\ccsv7\\utils\\bin\\gmake" -k -j 4 all -O 
making ../src/sysbios/sysbios.aem4f ...
gmake[1]: Nothing to be done for 'all'.
'Building file: ../project_includes/eth_network.c'
'Invoking: ARM Compiler'
"C:/ti/ccsv7/tools/compiler/ti-cgt-arm_16.9.4.LTS/bin/armcl" -mv7M4 --code_state=16 --float_support=FPv4SPD16 -me -O2 --opt_for_speed=4 --include_path="C:/ti/CMSIS-SP-00300-r4p5-00rel0/CMSIS/Include" --include_path="C:/ti/tirtos_tivac_2_16_00_08/products/ndk_2_25_00_09/packages/ti/ndk/inc/bsd" --include_path="C:/Users/skelter_win/Protegemed_tcc/TM4C_Protegemed" --include_path="C:/ti/tirtos_tivac_2_16_00_08/products/TivaWare_C_Series-2.1.1.71b" --include_path="C:/ti/tirtos_tivac_2_16_00_08/products/bios_6_45_01_29/packages/ti/sysbios/posix" --include_path="C:/ti/ccsv7/tools/compiler/ti-cgt-arm_16.9.4.LTS/include" --define=ccs="ccs" --define=ccs --define=PART_TM4C1294NCPDT --define=TIVAWARE --define=NET_NDK --define=ARM_MATH_CM4 --define=__FPU_PRESENT=1 -g --gcc --diag_warning=225 --diag_warning=255 --diag_wrap=off --display_error_number --gen_func_subsections=on --abi=eabi --preproc_with_compile --preproc_dependency="project_includes/eth_network.d" --obj_directory="project_includes" --cmd_file="configPkg/compiler.opt" "../project_includes/eth_network.c"
'Finished building: ../project_includes/eth_network.c'
' '
'Building file: ../project_includes/capture.c'
'Invoking: ARM Compiler'
"C:/ti/ccsv7/tools/compiler/ti-cgt-arm_16.9.4.LTS/bin/armcl" -mv7M4 --code_state=16 --float_support=FPv4SPD16 -me -O2 --opt_for_speed=4 --include_path="C:/ti/CMSIS-SP-00300-r4p5-00rel0/CMSIS/Include" --include_path="C:/ti/tirtos_tivac_2_16_00_08/products/ndk_2_25_00_09/packages/ti/ndk/inc/bsd" --include_path="C:/Users/skelter_win/Protegemed_tcc/TM4C_Protegemed" --include_path="C:/ti/tirtos_tivac_2_16_00_08/products/TivaWare_C_Series-2.1.1.71b" --include_path="C:/ti/tirtos_tivac_2_16_00_08/products/bios_6_45_01_29/packages/ti/sysbios/posix" --include_path="C:/ti/ccsv7/tools/compiler/ti-cgt-arm_16.9.4.LTS/include" --define=ccs="ccs" --define=ccs --define=PART_TM4C1294NCPDT --define=TIVAWARE --define=NET_NDK --define=ARM_MATH_CM4 --define=__FPU_PRESENT=1 -g --gcc --diag_warning=225 --diag_warning=255 --diag_wrap=off --display_error_number --gen_func_subsections=on --abi=eabi --preproc_with_compile --preproc_dependency="project_includes/capture.d" --obj_directory="project_includes" --cmd_file="configPkg/compiler.opt" "../project_includes/capture.c"
'Finished building: ../project_includes/capture.c'
' '
making ../src/sysbios/sysbios.aem4f ...
gmake[2]: Nothing to be done for 'all'.
'Building target: TM4C_Protegemed.out'
'Invoking: ARM Linker'
"C:/ti/ccsv7/tools/compiler/ti-cgt-arm_16.9.4.LTS/bin/armcl" -mv7M4 --code_state=16 --float_support=FPv4SPD16 -me -O2 --opt_for_speed=4 --define=ccs="ccs" --define=ccs --define=PART_TM4C1294NCPDT --define=TIVAWARE --define=NET_NDK --define=ARM_MATH_CM4 --define=__FPU_PRESENT=1 -g --gcc --diag_warning=225 --diag_warning=255 --diag_wrap=off --display_error_number --gen_func_subsections=on --abi=eabi -z -m"TM4C_Protegemed.map" --heap_size=0 --stack_size=512 -i"C:/ti/ccsv7/tools/compiler/ti-cgt-arm_16.9.4.LTS/lib" -i"C:/ti/ccsv7/tools/compiler/ti-cgt-arm_16.9.4.LTS/include" --reread_libs --diag_wrap=off --display_error_number --warn_sections --xml_link_info="TM4C_Protegemed_linkInfo.xml" --rom_model -o "TM4C_Protegemed.out" "./ptgm_main.obj" "./project_includes/EK_TM4C1294XL.obj" "./project_includes/adc_sample.obj" "./project_includes/capture.obj" "./project_includes/eth_network.obj" "./project_includes/settings.obj" "../EK_TM4C1294XL.cmd" -l"configPkg/linker.cmd" -l"C:/ti/CMSIS-SP-00300-r4p5-00rel0/CMSIS/Lib/CCS/M4/dsplib-cm4f.lib" -l"C:/ti/tirtos_tivac_2_16_00_08/products/TivaWare_C_Series-2.1.1.71b/grlib/ccs/Debug/grlib.lib" -l"C:/ti/tirtos_tivac_2_16_00_08/products/TivaWare_C_Series-2.1.1.71b/usblib/ccs/Debug/usblib.lib" -l"C:/ti/tirtos_tivac_2_16_00_08/products/TivaWare_C_Series-2.1.1.71b/driverlib/ccs/Debug/driverlib.lib" -llibc.a -llibc.a 
<Linking>
'Finished building target: TM4C_Protegemed.out'
' '

**** Build Finished ****

**** Build of configuration Debug for project TM4C_Protegemed ****

"C:\\ti\\ccsv7\\utils\\bin\\gmake" -k -j 4 all -O 
making ../src/sysbios/sysbios.aem4f ...
gmake[1]: Nothing to be done for 'all'.
making ../src/sysbios/sysbios.aem4f ...
gmake[2]: Nothing to be done for 'all'.

**** Build Finished ****

**** Build of configuration Debug for project TM4C_Protegemed ****

"C:\\ti\\ccsv7\\utils\\bin\\gmake" -k -j 4 all -O 
making ../src/sysbios/sysbios.aem4f ...
gmake[1]: Nothing to be done for 'all'.
'Building file: ../project_includes/capture.c'
'Invoking: ARM Compiler'
"C:/ti/ccsv7/tools/compiler/ti-cgt-arm_16.9.4.LTS/bin/armcl" -mv7M4 --code_state=16 --float_support=FPv4SPD16 -me -O2 --opt_for_speed=4 --include_path="C:/ti/CMSIS-SP-00300-r4p5-00rel0/CMSIS/Include" --include_path="C:/ti/tirtos_tivac_2_16_00_08/products/ndk_2_25_00_09/packages/ti/ndk/inc/bsd" --include_path="C:/Users/skelter_win/Protegemed_tcc/TM4C_Protegemed" --include_path="C:/ti/tirtos_tivac_2_16_00_08/products/TivaWare_C_Series-2.1.1.71b" --include_path="C:/ti/tirtos_tivac_2_16_00_08/products/bios_6_45_01_29/packages/ti/sysbios/posix" --include_path="C:/ti/ccsv7/tools/compiler/ti-cgt-arm_16.9.4.LTS/include" --define=ccs="ccs" --define=ccs --define=PART_TM4C1294NCPDT --define=TIVAWARE --define=NET_NDK --define=ARM_MATH_CM4 --define=__FPU_PRESENT=1 -g --gcc --diag_warning=225 --diag_warning=255 --diag_wrap=off --display_error_number --gen_func_subsections=on --abi=eabi --preproc_with_compile --preproc_dependency="project_includes/capture.d" --obj_directory="project_includes" --cmd_file="configPkg/compiler.opt" "../project_includes/capture.c"
'Finished building: ../project_includes/capture.c'
' '
making ../src/sysbios/sysbios.aem4f ...
gmake[2]: Nothing to be done for 'all'.
'Building target: TM4C_Protegemed.out'
'Invoking: ARM Linker'
"C:/ti/ccsv7/tools/compiler/ti-cgt-arm_16.9.4.LTS/bin/armcl" -mv7M4 --code_state=16 --float_support=FPv4SPD16 -me -O2 --opt_for_speed=4 --define=ccs="ccs" --define=ccs --define=PART_TM4C1294NCPDT --define=TIVAWARE --define=NET_NDK --define=ARM_MATH_CM4 --define=__FPU_PRESENT=1 -g --gcc --diag_warning=225 --diag_warning=255 --diag_wrap=off --display_error_number --gen_func_subsections=on --abi=eabi -z -m"TM4C_Protegemed.map" --heap_size=0 --stack_size=512 -i"C:/ti/ccsv7/tools/compiler/ti-cgt-arm_16.9.4.LTS/lib" -i"C:/ti/ccsv7/tools/compiler/ti-cgt-arm_16.9.4.LTS/include" --reread_libs --diag_wrap=off --display_error_number --warn_sections --xml_link_info="TM4C_Protegemed_linkInfo.xml" --rom_model -o "TM4C_Protegemed.out" "./ptgm_main.obj" "./project_includes/EK_TM4C1294XL.obj" "./project_includes/adc_sample.obj" "./project_includes/capture.obj" "./project_includes/eth_network.obj" "./project_includes/settings.obj" "../EK_TM4C1294XL.cmd" -l"configPkg/linker.cmd" -l"C:/ti/CMSIS-SP-00300-r4p5-00rel0/CMSIS/Lib/CCS/M4/dsplib-cm4f.lib" -l"C:/ti/tirtos_tivac_2_16_00_08/products/TivaWare_C_Series-2.1.1.71b/grlib/ccs/Debug/grlib.lib" -l"C:/ti/tirtos_tivac_2_16_00_08/products/TivaWare_C_Series-2.1.1.71b/usblib/ccs/Debug/usblib.lib" -l"C:/ti/tirtos_tivac_2_16_00_08/products/TivaWare_C_Series-2.1.1.71b/driverlib/ccs/Debug/driverlib.lib" -llibc.a -llibc.a 
<Linking>
'Finished building target: TM4C_Protegemed.out'
' '

**** Build Finished ****

**** Build of configuration Debug for project TM4C_Protegemed ****

"C:\\ti\\ccsv7\\utils\\bin\\gmake" -k -j 4 all -O 
making ../src/sysbios/sysbios.aem4f ...
gmake[1]: Nothing to be done for 'all'.
making ../src/sysbios/sysbios.aem4f ...
gmake[2]: Nothing to be done for 'all'.

**** Build Finished ****
