
**** Build of configuration Debug for project TM4C_Protegemed ****

"C:\\ti\\ccsv7\\utils\\bin\\gmake" -k -j 4 all -O 
making ../src/sysbios/sysbios.aem4f ...
gmake[1]: Nothing to be done for 'all'.
'Building file: ../project_includes/eth_network.c'
'Invoking: ARM Compiler'
"C:/ti/ccsv7/tools/compiler/ti-cgt-arm_16.9.4.LTS/bin/armcl" -mv7M4 --code_state=16 --float_support=FPv4SPD16 -me -O2 --opt_for_speed=5 --include_path="C:/ti/CMSIS-SP-00300-r4p5-00rel0/CMSIS/Include" --include_path="C:/ti/tirtos_tivac_2_16_00_08/products/ndk_2_25_00_09/packages/ti/ndk/inc/bsd" --include_path="C:/Users/skelter_win/Protegemed_tcc/TM4C_Protegemed" --include_path="C:/ti/tirtos_tivac_2_16_00_08/products/TivaWare_C_Series-2.1.1.71b" --include_path="C:/ti/tirtos_tivac_2_16_00_08/products/bios_6_45_01_29/packages/ti/sysbios/posix" --include_path="C:/ti/ccsv7/tools/compiler/ti-cgt-arm_16.9.4.LTS/include" --define=TARGET_IS_TM4C129_RA1 --define=ccs="ccs" --define=ccs --define=PART_TM4C1294NCPDT --define=TIVAWARE --define=NET_NDK --define=ARM_MATH_CM4 --define=__FPU_PRESENT=1 -g --gcc --diag_warning=225 --diag_warning=255 --diag_wrap=off --display_error_number --gen_func_subsections=on --abi=eabi --preproc_with_compile --preproc_dependency="project_includes/eth_network.d" --obj_directory="project_includes" --cmd_file="configPkg/compiler.opt" "../project_includes/eth_network.c"
'Finished building: ../project_includes/eth_network.c'
' '
'Building file: ../project_includes/capture.c'
'Invoking: ARM Compiler'
"C:/ti/ccsv7/tools/compiler/ti-cgt-arm_16.9.4.LTS/bin/armcl" -mv7M4 --code_state=16 --float_support=FPv4SPD16 -me -O2 --opt_for_speed=5 --include_path="C:/ti/CMSIS-SP-00300-r4p5-00rel0/CMSIS/Include" --include_path="C:/ti/tirtos_tivac_2_16_00_08/products/ndk_2_25_00_09/packages/ti/ndk/inc/bsd" --include_path="C:/Users/skelter_win/Protegemed_tcc/TM4C_Protegemed" --include_path="C:/ti/tirtos_tivac_2_16_00_08/products/TivaWare_C_Series-2.1.1.71b" --include_path="C:/ti/tirtos_tivac_2_16_00_08/products/bios_6_45_01_29/packages/ti/sysbios/posix" --include_path="C:/ti/ccsv7/tools/compiler/ti-cgt-arm_16.9.4.LTS/include" --define=TARGET_IS_TM4C129_RA1 --define=ccs="ccs" --define=ccs --define=PART_TM4C1294NCPDT --define=TIVAWARE --define=NET_NDK --define=ARM_MATH_CM4 --define=__FPU_PRESENT=1 -g --gcc --diag_warning=225 --diag_warning=255 --diag_wrap=off --display_error_number --gen_func_subsections=on --abi=eabi --preproc_with_compile --preproc_dependency="project_includes/capture.d" --obj_directory="project_includes" --cmd_file="configPkg/compiler.opt" "../project_includes/capture.c"
'Finished building: ../project_includes/capture.c'
' '
making ../src/sysbios/sysbios.aem4f ...
gmake[2]: Nothing to be done for 'all'.
'Building target: TM4C_Protegemed.out'
'Invoking: ARM Linker'
"C:/ti/ccsv7/tools/compiler/ti-cgt-arm_16.9.4.LTS/bin/armcl" -mv7M4 --code_state=16 --float_support=FPv4SPD16 -me -O2 --opt_for_speed=5 --define=TARGET_IS_TM4C129_RA1 --define=ccs="ccs" --define=ccs --define=PART_TM4C1294NCPDT --define=TIVAWARE --define=NET_NDK --define=ARM_MATH_CM4 --define=__FPU_PRESENT=1 -g --gcc --diag_warning=225 --diag_warning=255 --diag_wrap=off --display_error_number --gen_func_subsections=on --abi=eabi -z -m"TM4C_Protegemed.map" --heap_size=0 --stack_size=512 -i"C:/ti/ccsv7/tools/compiler/ti-cgt-arm_16.9.4.LTS/lib" -i"C:/ti/ccsv7/tools/compiler/ti-cgt-arm_16.9.4.LTS/include" --reread_libs --diag_wrap=off --display_error_number --warn_sections --xml_link_info="TM4C_Protegemed_linkInfo.xml" --rom_model -o "TM4C_Protegemed.out" "./ptgm_main.obj" "./project_includes/EK_TM4C1294XL.obj" "./project_includes/adc_sample.obj" "./project_includes/capture.obj" "./project_includes/eth_network.obj" "./project_includes/settings.obj" "../EK_TM4C1294XL.cmd" -l"configPkg/linker.cmd" -l"C:/ti/CMSIS-SP-00300-r4p5-00rel0/CMSIS/Lib/CCS/M4/dsplib-cm4f.lib" -l"C:/ti/tirtos_tivac_2_16_00_08/products/TivaWare_C_Series-2.1.1.71b/grlib/ccs/Debug/grlib.lib" -l"C:/ti/tirtos_tivac_2_16_00_08/products/TivaWare_C_Series-2.1.1.71b/usblib/ccs/Debug/usblib.lib" -l"C:/ti/tirtos_tivac_2_16_00_08/products/TivaWare_C_Series-2.1.1.71b/driverlib/ccs/Debug/driverlib.lib" -llibc.a -llibc.a 
<Linking>
'Finished building target: TM4C_Protegemed.out'
' '
'Generate Binary File.'
"C:/ti/ccsv7/utils/tiobj2bin/tiobj2bin" "TM4C_Protegemed.out" "TM4C_Protegemed.bin" "C:/ti/ccsv7/tools/compiler/ti-cgt-arm_16.9.4.LTS/bin/armofd" "C:/ti/ccsv7/tools/compiler/ti-cgt-arm_16.9.4.LTS/bin/armhex" "C:/ti/ccsv7/utils/tiobj2bin/mkhex4bin"
' '

**** Build Finished ****
